#
# There is insufficient memory for the Java Runtime Environment to continue.
# Native memory allocation (malloc) failed to allocate 32744 bytes for ChunkPool::allocate
# Possible reasons:
#   The system is out of physical RAM or swap space
#   In 32 bit mode, the process size limit was hit
# Possible solutions:
#   Reduce memory load on the system
#   Increase physical memory or swap space
#   Check if swap backing store is full
#   Use 64 bit Java on a 64 bit OS
#   Decrease Java heap size (-Xmx/-Xms)
#   Decrease number of Java threads
#   Decrease Java thread stack sizes (-Xss)
#   Set larger code cache with -XX:ReservedCodeCacheSize=
# This output file may be truncated or incomplete.
#
#  Out of Memory Error (allocation.cpp:273), pid=30056, tid=0x000000000000936c
#
# JRE version: Java(TM) SE Runtime Environment (8.0_191-b12) (build 1.8.0_191-b12)
# Java VM: Java HotSpot(TM) 64-Bit Server VM (25.191-b12 mixed mode windows-amd64 compressed oops)
# Failed to write core dump. Minidumps are not enabled by default on client versions of Windows
#

---------------  T H R E A D  ---------------

Current thread (0x0000000002b62800):  JavaThread "main" [_thread_in_vm, id=37740, stack(0x0000000002960000,0x0000000002a60000)]

Stack: [0x0000000002960000,0x0000000002a60000]
[error occurred during error reporting (printing stack bounds), id 0xc0000005]

Native frames: (J=compiled Java code, j=interpreted, Vv=VM code, C=native code)

Java frames: (J=compiled Java code, j=interpreted, Vv=VM code)
j  sun.util.locale.LocaleObjectCache.<init>(IFI)V+16
j  sun.util.locale.LocaleObjectCache.<init>()V+7
j  java.util.Locale$Cache.<init>()V+1
j  java.util.Locale$Cache.<init>(Ljava/util/Locale$1;)V+1
j  java.util.Locale.<clinit>()V+21
v  ~StubRoutines::call_stub
j  java.io.WinNTFileSystem.hashCode(Ljava/io/File;)I+4
j  java.io.File.hashCode()I+4
j  java.util.HashMap.hash(Ljava/lang/Object;)I+9
j  java.util.HashMap.put(Ljava/lang/Object;Ljava/lang/Object;)Ljava/lang/Object;+2
j  sun.misc.MetaIndex.registerDirectory(Ljava/io/File;)V+178
j  sun.misc.Launcher$ExtClassLoader$1.run()Lsun/misc/Launcher$ExtClassLoader;+17
j  sun.misc.Launcher$ExtClassLoader$1.run()Ljava/lang/Object;+1
v  ~StubRoutines::call_stub
j  java.security.AccessController.doPrivileged(Ljava/security/PrivilegedExceptionAction;)Ljava/lang/Object;+0
j  sun.misc.Launcher$ExtClassLoader.createExtClassLoader()Lsun/misc/Launcher$ExtClassLoader;+7
j  sun.misc.Launcher$ExtClassLoader.getExtClassLoader()Lsun/misc/Launcher$ExtClassLoader;+17
j  sun.misc.Launcher.<init>()V+4
j  sun.misc.Launcher.<clinit>()V+15
v  ~StubRoutines::call_stub
j  java.lang.ClassLoader.initSystemClassLoader()V+22
j  java.lang.ClassLoader.getSystemClassLoader()Ljava/lang/ClassLoader;+0
v  ~StubRoutines::call_stub

---------------  P R O C E S S  ---------------

Java Threads: ( => current thread )
  0x000000001c280000 JavaThread "Finalizer" daemon [_thread_blocked, id=21400, stack(0x000000001d4f0000,0x000000001d5f0000)]
  0x0000000002c53000 JavaThread "Reference Handler" daemon [_thread_blocked, id=25124, stack(0x000000001d3f0000,0x000000001d4f0000)]
=>0x0000000002b62800 JavaThread "main" [_thread_in_vm, id=37740, stack(0x0000000002960000,0x0000000002a60000)]

Other Threads:
  0x000000001c257800 VMThread [stack: 0x000000001d2f0000,0x000000001d3f0000] [id=27148]

VM state:not at safepoint (normal execution)

VM Mutex/Monitor currently owned by a thread: None

Heap:
 PSYoungGen      total 76288K, used 1310K [0x000000076b000000, 0x0000000770500000, 0x00000007c0000000)
  eden space 65536K, 2% used [0x000000076b000000,0x000000076b147af0,0x000000076f000000)
  from space 10752K, 0% used [0x000000076fa80000,0x000000076fa80000,0x0000000770500000)
  to   space 10752K, 0% used [0x000000076f000000,0x000000076f000000,0x000000076fa80000)
 ParOldGen       total 175104K, used 0K [0x00000006c1000000, 0x00000006cbb00000, 0x000000076b000000)
  object space 175104K, 0% used [0x00000006c1000000,0x00000006c1000000,0x00000006cbb00000)
 Metaspace       used 2015K, capacity 4480K, committed 4480K, reserved 1056768K
  class space    used 215K, capacity 384K, committed 384K, reserved 1048576K

Card table byte_map: [0x0000000012020000,0x0000000012820000] byte_map_base: 0x000000000ea18000

Marking Bits: (ParMarkBitMap*) 0x0000000056493e30
 Begin Bits: [0x0000000013170000, 0x0000000017130000)
 End Bits:   [0x0000000017130000, 0x000000001b0f0000)

Polling page: 0x0000000000a80000

CodeCache: size=245760Kb used=425Kb max_used=425Kb free=245334Kb
 bounds [0x0000000002c60000, 0x0000000002ed0000, 0x0000000011c60000]
 total_blobs=143 nmethods=0 adapters=117
 compilation: enabled

Compilation events (0 events):
No events

GC Heap History (0 events):
No events

Deoptimization events (0 events):
No events

Classes redefined (0 events):
No events

Internal exceptions (2 events):
Event: 0.083 Thread 0x0000000002b62800 Exception <a 'java/lang/NoSuchMethodError': Method sun.misc.Unsafe.defineClass(Ljava/lang/String;[BII)Ljava/lang/Class; name or signature does not match> (0x000000076b007cb0) thrown at [C:\re\workspace\8-2-build-windows-amd64-cygwin\jdk8u191\11896\hotspot
Event: 0.083 Thread 0x0000000002b62800 Exception <a 'java/lang/NoSuchMethodError': Method sun.misc.Unsafe.prefetchRead(Ljava/lang/Object;J)V name or signature does not match> (0x000000076b007f98) thrown at [C:\re\workspace\8-2-build-windows-amd64-cygwin\jdk8u191\11896\hotspot\src\share\vm\prim

Events (10 events):
Event: 0.135 loading class java/lang/reflect/Array
Event: 0.135 loading class java/lang/reflect/Array done
Event: 0.135 loading class java/util/Locale
Event: 0.135 loading class java/util/Locale done
Event: 0.135 loading class java/util/Locale$Cache
Event: 0.135 loading class sun/util/locale/LocaleObjectCache
Event: 0.135 loading class sun/util/locale/LocaleObjectCache done
Event: 0.135 loading class java/util/Locale$Cache done
Event: 0.135 loading class java/util/concurrent/ConcurrentHashMap
Event: 0.135 loading class java/util/concurrent/ConcurrentMap


Dynamic libraries:
0x00007ff647150000 - 0x00007ff647187000 	C:\Program Files\Java\jdk1.8.0_191\bin\java.exe
0x00007ff89d7a0000 - 0x00007ff89d98d000 	C:\WINDOWS\SYSTEM32\ntdll.dll
0x00007ff89aa10000 - 0x00007ff89aac3000 	C:\WINDOWS\System32\KERNEL32.DLL
0x00007ff89a170000 - 0x00007ff89a403000 	C:\WINDOWS\System32\KERNELBASE.dll
0x00007ff89b240000 - 0x00007ff89b2e3000 	C:\WINDOWS\System32\ADVAPI32.dll
0x00007ff89d660000 - 0x00007ff89d6fe000 	C:\WINDOWS\System32\msvcrt.dll
0x00007ff89d300000 - 0x00007ff89d39e000 	C:\WINDOWS\System32\sechost.dll
0x00007ff89cc20000 - 0x00007ff89cd43000 	C:\WINDOWS\System32\RPCRT4.dll
0x00007ff89ae60000 - 0x00007ff89aff7000 	C:\WINDOWS\System32\USER32.dll
0x00007ff89a530000 - 0x00007ff89a550000 	C:\WINDOWS\System32\win32u.dll
0x00007ff89a9e0000 - 0x00007ff89aa09000 	C:\WINDOWS\System32\GDI32.dll
0x00007ff89a550000 - 0x00007ff89a6ea000 	C:\WINDOWS\System32\gdi32full.dll
0x00007ff899950000 - 0x00007ff8999f0000 	C:\WINDOWS\System32\msvcp_win.dll
0x00007ff89a8d0000 - 0x00007ff89a9cc000 	C:\WINDOWS\System32\ucrtbase.dll
0x00007ff88a3c0000 - 0x00007ff88a639000 	C:\WINDOWS\WinSxS\amd64_microsoft.windows.common-controls_6595b64144ccf1df_6.0.17763.1_none_f040600eff408c2d\COMCTL32.dll
0x00007ff89ab30000 - 0x00007ff89ae5e000 	C:\WINDOWS\System32\combase.dll
0x00007ff8998d0000 - 0x00007ff89994e000 	C:\WINDOWS\System32\bcryptPrimitives.dll
0x00007ff89d3a0000 - 0x00007ff89d3ce000 	C:\WINDOWS\System32\IMM32.DLL
0x00000000587a0000 - 0x0000000058872000 	C:\Program Files\Java\jdk1.8.0_191\jre\bin\msvcr100.dll
0x0000000055c70000 - 0x0000000056514000 	C:\Program Files\Java\jdk1.8.0_191\jre\bin\server\jvm.dll
0x00007ff89d700000 - 0x00007ff89d708000 	C:\WINDOWS\System32\PSAPI.DLL
0x00007ff889eb0000 - 0x00007ff889eb9000 	C:\WINDOWS\SYSTEM32\WSOCK32.dll
0x00007ff89d1d0000 - 0x00007ff89d23d000 	C:\WINDOWS\System32\WS2_32.dll
0x00007ff897c10000 - 0x00007ff897c34000 	C:\WINDOWS\SYSTEM32\WINMM.dll
0x00007ff8933d0000 - 0x00007ff8933da000 	C:\WINDOWS\SYSTEM32\VERSION.dll
0x00007ff897ad0000 - 0x00007ff897afd000 	C:\WINDOWS\SYSTEM32\WINMMBASE.dll
0x00007ff89a410000 - 0x00007ff89a45a000 	C:\WINDOWS\System32\cfgmgr32.dll
0x0000000058790000 - 0x000000005879f000 	C:\Program Files\Java\jdk1.8.0_191\jre\bin\verify.dll
0x0000000058760000 - 0x0000000058789000 	C:\Program Files\Java\jdk1.8.0_191\jre\bin\java.dll
0x0000000058720000 - 0x0000000058755000 	C:\Program Files\Java\jdk1.8.0_191\jre\bin\jdwp.dll
0x0000000058710000 - 0x0000000058718000 	C:\Program Files\Java\jdk1.8.0_191\jre\bin\npt.dll
0x00000000585d0000 - 0x00000000585f3000 	C:\Program Files\Java\jdk1.8.0_191\jre\bin\instrument.dll
0x00000000586f0000 - 0x0000000058706000 	C:\Program Files\Java\jdk1.8.0_191\jre\bin\zip.dll
0x00007ff89b3f0000 - 0x00007ff89c8df000 	C:\WINDOWS\System32\SHELL32.dll
0x00007ff89d240000 - 0x00007ff89d2e8000 	C:\WINDOWS\System32\shcore.dll
0x00007ff899a20000 - 0x00007ff89a168000 	C:\WINDOWS\System32\windows.storage.dll
0x00007ff8997c0000 - 0x00007ff8997e4000 	C:\WINDOWS\System32\profapi.dll
0x00007ff8997f0000 - 0x00007ff89984d000 	C:\WINDOWS\System32\powrprof.dll
0x00007ff89b370000 - 0x00007ff89b3c2000 	C:\WINDOWS\System32\shlwapi.dll
0x00007ff8997a0000 - 0x00007ff8997b1000 	C:\WINDOWS\System32\kernel.appcore.dll
0x00007ff89a460000 - 0x00007ff89a477000 	C:\WINDOWS\System32\cryptsp.dll

VM Arguments:
jvm_args: -agentlib:jdwp=transport=dt_socket,address=127.0.0.1:64866,suspend=y,server=n -ea -Didea.test.cyclic.buffer.size=1048576 -javaagent:C:\Users\Lenovo\.IntelliJIdea2018.3\system\captureAgent\debugger-agent.jar -Dfile.encoding=UTF-8 
java_command: com.intellij.rt.execution.junit.JUnitStarter -ideVersion5 -junit5 grape.base.service.BaseServiceApplicationTest,test
java_class_path (initial): C:\Users\Lenovo\AppData\Local\Temp\classpath1764199473.jar;C:\Users\Lenovo\.IntelliJIdea2018.3\system\captureAgent\debugger-agent.jar
Launcher Type: SUN_STANDARD

Environment Variables:
JAVA_HOME=C:\Program Files\Java\jdk1.8.0_191
PATH=C:\ProgramData\Boxstarter;C:\Program Files (x86)\Common Files\Oracle\Java\javapath;C:\WINDOWS\system32;C:\WINDOWS;C:\WINDOWS\System32\Wbem;C:\WINDOWS\System32\WindowsPowerShell\v1.0\;C:\WINDOWS\System32\OpenSSH\;C:\Program Files (x86)\ATI Technologies\ATI.ACE\Core-Static;D:\program-files\jdk1.8.0_60\bin;D:\program-files\jdk1.8.0_60\jre\bin;C:\Program Files\nodejs\;C:\ProgramData\chocolatey\bin;C:\Program Files\Git\cmd;C:\Program Files\TortoiseSVN\bin;C:\Program Files\erl10.2;C:\Program Files\Java\jdk1.8.0_191\lib\tools.jar;C:\Program Files\Java\jdk1.8.0_191\jre\lib\rt.jar;D:\program-files\apache-maven-3.2.5\bin;C:\Program Files\Amazon\AWSCLI\;C:\Users\Lenovo\AppData\Local\Microsoft\WindowsApps;C:\Users\Lenovo\AppData\Roaming\npm
USERNAME=Lenovo
OS=Windows_NT
PROCESSOR_IDENTIFIER=Intel64 Family 6 Model 58 Stepping 9, GenuineIntel



---------------  S Y S T E M  ---------------

OS: Windows 10.0 , 64 bit Build 17763 (10.0.17763.1)

CPU:total 4 (initial active 4) (4 cores per cpu, 1 threads per core) family 6 model 58 stepping 9, cmov, cx8, fxsr, mmx, sse, sse2, sse3, ssse3, sse4.1, sse4.2, popcnt, avx, aes, clmul, erms, tsc, tscinvbit, tscinv

Memory: 4k page, physical 16705992k(1398296k free), swap 29813316k(4296k free)

vm_info: Java HotSpot(TM) 64-Bit Server VM (25.191-b12) for windows-amd64 JRE (1.8.0_191-b12), built on Oct  6 2018 09:29:03 by "java_re" with MS VC++ 10.0 (VS2010)

time: Fri Nov 01 11:03:47 2019
elapsed time: 0 seconds (0d 0h 0m 0s)

